2022-04-02 01:25:17,181 - Loaded default TestExecutionListener class names from location [META-INF/spring.factories]: [org.springframework.test.context.web.ServletTestExecutionListener, org.springframework.test.context.support.DirtiesContextBeforeModesTestExecutionListener, org.springframework.test.context.support.DependencyInjectionTestExecutionListener, org.springframework.test.context.support.DirtiesContextTestExecutionListener, org.springframework.test.context.transaction.TransactionalTestExecutionListener, org.springframework.test.context.jdbc.SqlScriptsTestExecutionListener]
2022-04-02 01:25:17,207 - Using TestExecutionListeners: [org.springframework.test.context.web.ServletTestExecutionListener@d83da2e, org.springframework.test.context.support.DirtiesContextBeforeModesTestExecutionListener@a4102b8, org.springframework.test.context.support.DependencyInjectionTestExecutionListener@11dc3715, org.springframework.test.context.support.DirtiesContextTestExecutionListener@69930714, org.springframework.test.context.transaction.TransactionalTestExecutionListener@7a52f2a2, org.springframework.test.context.jdbc.SqlScriptsTestExecutionListener@78047b92]
2022-04-02 01:25:17,349 - Loading XML bean definitions from class path resource [applicationContext.xml]
2022-04-02 01:25:17,924 - Loading XML bean definitions from class path resource [springmvc.xml]
2022-04-02 01:25:18,086 - Refreshing org.springframework.web.context.support.GenericWebApplicationContext@51e5fc98: startup date [Sat Apr 02 01:25:18 CST 2022]; root of context hierarchy
2022-04-02 01:25:18,821 - MLog clients using log4j logging.
2022-04-02 01:25:20,355 - Initializing c3p0-0.9.1.2 [built 21-May-2007 15:04:56; debug? true; trace: 10]
2022-04-02 01:25:22,183 - [THYMELEAF][main] Template Mode 'HTML5' is deprecated. Using Template Mode 'HTML' instead.
2022-04-02 01:25:22,342 - Mapped URL path [/**] onto handler 'org.springframework.web.servlet.resource.DefaultServletHttpRequestHandler#0'
2022-04-02 01:25:22,453 - Mapped "{[/active/short/insertOne],methods=[POST]}" onto public com.ljy.oneclub.msg.Msg com.ljy.oneclub.controller.ActiveController.insertActive(java.lang.String,javax.servlet.http.HttpSession,java.lang.String) throws java.text.ParseException
2022-04-02 01:25:22,458 - Mapped "{[/active/article/insertOne],methods=[POST]}" onto public com.ljy.oneclub.msg.Msg com.ljy.oneclub.controller.ActiveController.insertArticle(java.lang.String,java.lang.String,java.lang.String,javax.servlet.http.HttpSession) throws java.text.ParseException
2022-04-02 01:25:22,459 - Mapped "{[/active/like/{sourceId}],methods=[POST]}" onto public com.ljy.oneclub.msg.Msg com.ljy.oneclub.controller.ActiveController.collectActive(java.lang.Integer,javax.servlet.http.HttpSession) throws java.text.ParseException
2022-04-02 01:25:22,459 - Mapped "{[/active/getLikeNum/{sourceId}]}" onto public com.ljy.oneclub.msg.Msg com.ljy.oneclub.controller.ActiveController.getLikeNum(java.lang.String,javax.servlet.http.HttpSession)
2022-04-02 01:25:22,460 - Mapped "{[/active/article/{articleId}]}" onto public org.springframework.web.servlet.ModelAndView com.ljy.oneclub.controller.ActiveController.getArticleInfo(java.lang.String)
2022-04-02 01:25:22,461 - Mapped "{[/active/getIndex]}" onto public com.ljy.oneclub.msg.Msg com.ljy.oneclub.controller.ActiveController.getAllActiveIndex(javax.servlet.http.HttpSession)
2022-04-02 01:25:22,464 - Mapped "{[/active/unlike/{sourceId}],methods=[POST]}" onto public com.ljy.oneclub.msg.Msg com.ljy.oneclub.controller.ActiveController.uncollectActive(java.lang.Integer,javax.servlet.http.HttpSession)
2022-04-02 01:25:22,465 - Mapped "{[/apply/{appId}]}" onto public org.springframework.web.servlet.ModelAndView com.ljy.oneclub.controller.ApplicationController.appDetail(java.lang.String,javax.servlet.http.HttpSession)
2022-04-02 01:25:22,465 - Mapped "{[/commit/join]}" onto public com.ljy.oneclub.msg.Msg com.ljy.oneclub.controller.ApplicationController.commitJoin(org.springframework.web.multipart.MultipartHttpServletRequest,javax.servlet.http.HttpSession,java.lang.String,java.lang.String,java.lang.String,java.lang.String,java.lang.String,java.lang.Integer) throws java.io.IOException,java.text.ParseException
2022-04-02 01:25:22,472 - Mapped "{[/chat/{userId}/{toUserId}]}" onto public java.lang.String com.ljy.oneclub.controller.ChatController.getChat(javax.servlet.http.HttpSession,java.lang.String,java.lang.String)
2022-04-02 01:25:22,472 - Mapped "{[/get/comments]}" onto public com.ljy.oneclub.msg.Msg com.ljy.oneclub.controller.CommentController.getCommentsByActiveId(java.lang.String)
2022-04-02 01:25:22,509 - Mapped "{[/comment/commit],methods=[POST]}" onto public com.ljy.oneclub.msg.Msg com.ljy.oneclub.controller.CommentController.sendComment(javax.servlet.http.HttpSession,java.lang.String,java.lang.Integer,java.lang.Integer) throws java.text.ParseException
2022-04-02 01:25:22,519 - Mapped "{[/active/file/upload],methods=[POST]}" onto public com.ljy.oneclub.msg.Msg com.ljy.oneclub.controller.FileController.uploadImgInArticle(org.springframework.web.multipart.MultipartHttpServletRequest) throws java.io.IOException
2022-04-02 01:25:22,520 - Mapped "{[/upload/avatar],methods=[POST]}" onto public com.ljy.oneclub.msg.Msg com.ljy.oneclub.controller.FileController.uploadAvatar(javax.servlet.http.HttpSession,org.springframework.web.multipart.MultipartHttpServletRequest) throws java.io.IOException
2022-04-02 01:25:22,524 - Mapped "{[/upload/bkimg],methods=[POST]}" onto public com.ljy.oneclub.msg.Msg com.ljy.oneclub.controller.FileController.uploadBkImg(javax.servlet.http.HttpSession,org.springframework.web.multipart.MultipartHttpServletRequest) throws java.io.IOException
2022-04-02 01:25:22,528 - Mapped "{[/user/login]}" onto public com.ljy.oneclub.msg.Msg com.ljy.oneclub.controller.LoginController.login(java.lang.String,com.ljy.oneclub.entity.User,javax.servlet.http.HttpSession)
2022-04-02 01:25:22,528 - Mapped "{[/logout]}" onto public java.lang.String com.ljy.oneclub.controller.LoginController.logout(javax.servlet.http.HttpSession)
2022-04-02 01:25:22,528 - Mapped "{[/admin/login]}" onto public java.lang.String com.ljy.oneclub.controller.LoginController.loadAdminLoginPage()
2022-04-02 01:25:22,536 - Mapped "{[/register/insert],methods=[POST]}" onto public com.ljy.oneclub.msg.Msg com.ljy.oneclub.controller.LoginController.verifyMailCode(java.lang.String,java.lang.String,java.lang.String,java.lang.String)
2022-04-02 01:25:22,538 - Mapped "{[/login/checkVerify],produces=[application/json]}" onto public com.ljy.oneclub.msg.BootStrapValidator com.ljy.oneclub.controller.LoginController.checkVerify(java.lang.String,javax.servlet.http.HttpSession)
2022-04-02 01:25:22,538 - Mapped "{[/login/getVerify]}" onto public void com.ljy.oneclub.controller.LoginController.getVerify(javax.servlet.http.HttpServletResponse,javax.servlet.http.HttpSession)
2022-04-02 01:25:22,538 - Mapped "{[/login/checkemail],produces=[application/json]}" onto public com.ljy.oneclub.msg.BootStrapValidator com.ljy.oneclub.controller.LoginController.checkEmailIsValid(java.lang.String)
2022-04-02 01:25:22,538 - Mapped "{[/login/checkname],produces=[application/json]}" onto public com.ljy.oneclub.msg.BootStrapValidator com.ljy.oneclub.controller.LoginController.checkUserName(java.lang.String)
2022-04-02 01:25:22,538 - Mapped "{[/login]}" onto public java.lang.String com.ljy.oneclub.controller.LoginController.loginPage()
2022-04-02 01:25:22,538 - Mapped "{[/admin]}" onto public java.lang.String com.ljy.oneclub.controller.LoginController.adminLogin(com.ljy.oneclub.entity.User,javax.servlet.http.HttpSession)
2022-04-02 01:25:22,547 - Mapped "{[/register/sendmail],methods=[POST]}" onto public com.ljy.oneclub.msg.Msg com.ljy.oneclub.controller.LoginController.getHtml(java.lang.String,java.lang.String,javax.servlet.http.HttpServletRequest) throws javax.mail.MessagingException
2022-04-02 01:25:22,549 - Mapped "{[/{url}],methods=[GET]}" onto public java.lang.String com.ljy.oneclub.controller.RedirectHandler.redirect(java.lang.String,javax.servlet.http.HttpSession)
2022-04-02 01:25:22,549 - Mapped "{[/user/updatePassword],methods=[POST]}" onto public com.ljy.oneclub.msg.Msg com.ljy.oneclub.controller.UserController.updatePasswordInEmail(java.lang.String,java.lang.String,java.lang.String)
2022-04-02 01:25:22,558 - Mapped "{[/join/{clubId}]}" onto public org.springframework.web.servlet.ModelAndView com.ljy.oneclub.controller.UserController.joinClub(java.lang.String)
2022-04-02 01:25:22,558 - Mapped "{[/searchResult]}" onto public org.springframework.web.servlet.ModelAndView com.ljy.oneclub.controller.UserController.searchResult(java.lang.String,javax.servlet.http.HttpSession)
2022-04-02 01:25:22,577 - Mapped "{[/updateInfo/intro],methods=[POST]}" onto public com.ljy.oneclub.msg.Msg com.ljy.oneclub.controller.UserController.updateIntro(javax.servlet.http.HttpSession,java.lang.String)
2022-04-02 01:25:22,578 - Mapped "{[/u/{userId}]}" onto public org.springframework.web.servlet.ModelAndView com.ljy.oneclub.controller.UserController.userProfile(java.lang.String,javax.servlet.http.HttpSession)
2022-04-02 01:25:23,039 - Looking for @ControllerAdvice: org.springframework.web.context.support.GenericWebApplicationContext@51e5fc98: startup date [Sat Apr 02 01:25:18 CST 2022]; root of context hierarchy
2022-04-02 01:25:23,125 - Looking for @ControllerAdvice: org.springframework.web.context.support.GenericWebApplicationContext@51e5fc98: startup date [Sat Apr 02 01:25:18 CST 2022]; root of context hierarchy
2022-04-02 01:25:23,463 - Initializing c3p0 pool... com.mchange.v2.c3p0.ComboPooledDataSource [ acquireIncrement -> 3, acquireRetryAttempts -> 30, acquireRetryDelay -> 1000, autoCommitOnClose -> false, automaticTestTable -> null, breakAfterAcquireFailure -> false, checkoutTimeout -> 0, connectionCustomizerClassName -> null, connectionTesterClassName -> com.mchange.v2.c3p0.impl.DefaultConnectionTester, dataSourceName -> 1hge8sian1rv05o416ut115|3c0fae6c, debugUnreturnedConnectionStackTraces -> false, description -> null, driverClass -> com.mysql.cj.jdbc.Driver, factoryClassLocation -> null, forceIgnoreUnresolvedTransactions -> false, identityToken -> 1hge8sian1rv05o416ut115|3c0fae6c, idleConnectionTestPeriod -> 0, initialPoolSize -> 3, jdbcUrl -> jdbc:mysql://120.78.196.234:3306/oneclub?characterEncoding=utf8&serverTimezone=Asia/Shanghai, maxAdministrativeTaskTime -> 0, maxConnectionAge -> 0, maxIdleTime -> 0, maxIdleTimeExcessConnections -> 0, maxPoolSize -> 15, maxStatements -> 0, maxStatementsPerConnection -> 0, minPoolSize -> 3, numHelperThreads -> 3, numThreadsAwaitingCheckoutDefaultUser -> 0, preferredTestQuery -> null, properties -> {password=******, user=******}, propertyCycle -> 0, testConnectionOnCheckin -> false, testConnectionOnCheckout -> false, unreturnedConnectionTimeout -> 0, usesTraditionalReflectiveProxies -> false ]
2022-04-02 01:25:29,485 - Loaded default TestExecutionListener class names from location [META-INF/spring.factories]: [org.springframework.test.context.web.ServletTestExecutionListener, org.springframework.test.context.support.DirtiesContextBeforeModesTestExecutionListener, org.springframework.test.context.support.DependencyInjectionTestExecutionListener, org.springframework.test.context.support.DirtiesContextTestExecutionListener, org.springframework.test.context.transaction.TransactionalTestExecutionListener, org.springframework.test.context.jdbc.SqlScriptsTestExecutionListener]
2022-04-02 01:25:29,485 - Using TestExecutionListeners: [org.springframework.test.context.web.ServletTestExecutionListener@f5ce0bb, org.springframework.test.context.support.DirtiesContextBeforeModesTestExecutionListener@47e51549, org.springframework.test.context.support.DependencyInjectionTestExecutionListener@101a461c, org.springframework.test.context.support.DirtiesContextTestExecutionListener@360e9c06, org.springframework.test.context.transaction.TransactionalTestExecutionListener@5ebffb44, org.springframework.test.context.jdbc.SqlScriptsTestExecutionListener@311ff287]
2022-04-02 01:25:29,580 - Loaded default TestExecutionListener class names from location [META-INF/spring.factories]: [org.springframework.test.context.web.ServletTestExecutionListener, org.springframework.test.context.support.DirtiesContextBeforeModesTestExecutionListener, org.springframework.test.context.support.DependencyInjectionTestExecutionListener, org.springframework.test.context.support.DirtiesContextTestExecutionListener, org.springframework.test.context.transaction.TransactionalTestExecutionListener, org.springframework.test.context.jdbc.SqlScriptsTestExecutionListener]
2022-04-02 01:25:29,580 - Using TestExecutionListeners: [org.springframework.test.context.web.ServletTestExecutionListener@6d8796c1, org.springframework.test.context.support.DirtiesContextBeforeModesTestExecutionListener@2e26173, org.springframework.test.context.support.DependencyInjectionTestExecutionListener@27be17c8, org.springframework.test.context.support.DirtiesContextTestExecutionListener@2c413ffc, org.springframework.test.context.transaction.TransactionalTestExecutionListener@7d21852b, org.springframework.test.context.jdbc.SqlScriptsTestExecutionListener@6cd98a05]
2022-04-02 01:25:29,587 - Refreshing org.springframework.context.support.GenericApplicationContext@3b8ec001: startup date [Sat Apr 02 01:25:29 CST 2022]; root of context hierarchy
2022-04-02 01:25:30,115 - Closing org.springframework.web.context.support.GenericWebApplicationContext@51e5fc98: startup date [Sat Apr 02 01:25:18 CST 2022]; root of context hierarchy
2022-04-02 01:25:30,116 - Closing org.springframework.context.support.GenericApplicationContext@3b8ec001: startup date [Sat Apr 02 01:25:29 CST 2022]; root of context hierarchy
2022-04-02 01:27:18,041 - Loaded default TestExecutionListener class names from location [META-INF/spring.factories]: [org.springframework.test.context.web.ServletTestExecutionListener, org.springframework.test.context.support.DirtiesContextBeforeModesTestExecutionListener, org.springframework.test.context.support.DependencyInjectionTestExecutionListener, org.springframework.test.context.support.DirtiesContextTestExecutionListener, org.springframework.test.context.transaction.TransactionalTestExecutionListener, org.springframework.test.context.jdbc.SqlScriptsTestExecutionListener]
2022-04-02 01:27:18,069 - Using TestExecutionListeners: [org.springframework.test.context.web.ServletTestExecutionListener@fdefd3f, org.springframework.test.context.support.DirtiesContextBeforeModesTestExecutionListener@d83da2e, org.springframework.test.context.support.DependencyInjectionTestExecutionListener@a4102b8, org.springframework.test.context.support.DirtiesContextTestExecutionListener@11dc3715, org.springframework.test.context.transaction.TransactionalTestExecutionListener@69930714, org.springframework.test.context.jdbc.SqlScriptsTestExecutionListener@7a52f2a2]
2022-04-02 01:27:18,239 - Loading XML bean definitions from class path resource [applicationContext.xml]
2022-04-02 01:27:18,813 - Loading XML bean definitions from class path resource [springmvc.xml]
2022-04-02 01:27:18,976 - Refreshing org.springframework.web.context.support.GenericWebApplicationContext@1ffe63b9: startup date [Sat Apr 02 01:27:18 CST 2022]; root of context hierarchy
2022-04-02 01:27:19,722 - MLog clients using log4j logging.
2022-04-02 01:27:21,482 - Initializing c3p0-0.9.1.2 [built 21-May-2007 15:04:56; debug? true; trace: 10]
2022-04-02 01:27:23,272 - [THYMELEAF][main] Template Mode 'HTML5' is deprecated. Using Template Mode 'HTML' instead.
2022-04-02 01:27:23,449 - Mapped URL path [/**] onto handler 'org.springframework.web.servlet.resource.DefaultServletHttpRequestHandler#0'
2022-04-02 01:27:23,567 - Mapped "{[/active/short/insertOne],methods=[POST]}" onto public com.ljy.oneclub.msg.Msg com.ljy.oneclub.controller.ActiveController.insertActive(java.lang.String,javax.servlet.http.HttpSession,java.lang.String) throws java.text.ParseException
2022-04-02 01:27:23,570 - Mapped "{[/active/article/insertOne],methods=[POST]}" onto public com.ljy.oneclub.msg.Msg com.ljy.oneclub.controller.ActiveController.insertArticle(java.lang.String,java.lang.String,java.lang.String,javax.servlet.http.HttpSession) throws java.text.ParseException
2022-04-02 01:27:23,571 - Mapped "{[/active/like/{sourceId}],methods=[POST]}" onto public com.ljy.oneclub.msg.Msg com.ljy.oneclub.controller.ActiveController.collectActive(java.lang.Integer,javax.servlet.http.HttpSession) throws java.text.ParseException
2022-04-02 01:27:23,572 - Mapped "{[/active/getLikeNum/{sourceId}]}" onto public com.ljy.oneclub.msg.Msg com.ljy.oneclub.controller.ActiveController.getLikeNum(java.lang.String,javax.servlet.http.HttpSession)
2022-04-02 01:27:23,572 - Mapped "{[/active/getIndex]}" onto public com.ljy.oneclub.msg.Msg com.ljy.oneclub.controller.ActiveController.getAllActiveIndex(javax.servlet.http.HttpSession)
2022-04-02 01:27:23,572 - Mapped "{[/active/unlike/{sourceId}],methods=[POST]}" onto public com.ljy.oneclub.msg.Msg com.ljy.oneclub.controller.ActiveController.uncollectActive(java.lang.Integer,javax.servlet.http.HttpSession)
2022-04-02 01:27:23,575 - Mapped "{[/active/article/{articleId}]}" onto public org.springframework.web.servlet.ModelAndView com.ljy.oneclub.controller.ActiveController.getArticleInfo(java.lang.String)
2022-04-02 01:27:23,577 - Mapped "{[/commit/join]}" onto public com.ljy.oneclub.msg.Msg com.ljy.oneclub.controller.ApplicationController.commitJoin(org.springframework.web.multipart.MultipartHttpServletRequest,javax.servlet.http.HttpSession,java.lang.String,java.lang.String,java.lang.String,java.lang.String,java.lang.String,java.lang.Integer) throws java.io.IOException,java.text.ParseException
2022-04-02 01:27:23,577 - Mapped "{[/apply/{appId}]}" onto public org.springframework.web.servlet.ModelAndView com.ljy.oneclub.controller.ApplicationController.appDetail(java.lang.String,javax.servlet.http.HttpSession)
2022-04-02 01:27:23,577 - Mapped "{[/chat/{userId}/{toUserId}]}" onto public java.lang.String com.ljy.oneclub.controller.ChatController.getChat(javax.servlet.http.HttpSession,java.lang.String,java.lang.String)
2022-04-02 01:27:23,577 - Mapped "{[/get/comments]}" onto public com.ljy.oneclub.msg.Msg com.ljy.oneclub.controller.CommentController.getCommentsByActiveId(java.lang.String)
2022-04-02 01:27:23,577 - Mapped "{[/comment/commit],methods=[POST]}" onto public com.ljy.oneclub.msg.Msg com.ljy.oneclub.controller.CommentController.sendComment(javax.servlet.http.HttpSession,java.lang.String,java.lang.Integer,java.lang.Integer) throws java.text.ParseException
2022-04-02 01:27:23,577 - Mapped "{[/active/file/upload],methods=[POST]}" onto public com.ljy.oneclub.msg.Msg com.ljy.oneclub.controller.FileController.uploadImgInArticle(org.springframework.web.multipart.MultipartHttpServletRequest) throws java.io.IOException
2022-04-02 01:27:23,595 - Mapped "{[/upload/bkimg],methods=[POST]}" onto public com.ljy.oneclub.msg.Msg com.ljy.oneclub.controller.FileController.uploadBkImg(javax.servlet.http.HttpSession,org.springframework.web.multipart.MultipartHttpServletRequest) throws java.io.IOException
2022-04-02 01:27:23,597 - Mapped "{[/upload/avatar],methods=[POST]}" onto public com.ljy.oneclub.msg.Msg com.ljy.oneclub.controller.FileController.uploadAvatar(javax.servlet.http.HttpSession,org.springframework.web.multipart.MultipartHttpServletRequest) throws java.io.IOException
2022-04-02 01:27:23,617 - Mapped "{[/user/login]}" onto public com.ljy.oneclub.msg.Msg com.ljy.oneclub.controller.LoginController.login(java.lang.String,com.ljy.oneclub.entity.User,javax.servlet.http.HttpSession)
2022-04-02 01:27:23,617 - Mapped "{[/logout]}" onto public java.lang.String com.ljy.oneclub.controller.LoginController.logout(javax.servlet.http.HttpSession)
2022-04-02 01:27:23,617 - Mapped "{[/admin]}" onto public java.lang.String com.ljy.oneclub.controller.LoginController.adminLogin(com.ljy.oneclub.entity.User,javax.servlet.http.HttpSession)
2022-04-02 01:27:23,617 - Mapped "{[/login/checkVerify],produces=[application/json]}" onto public com.ljy.oneclub.msg.BootStrapValidator com.ljy.oneclub.controller.LoginController.checkVerify(java.lang.String,javax.servlet.http.HttpSession)
2022-04-02 01:27:23,624 - Mapped "{[/admin/login]}" onto public java.lang.String com.ljy.oneclub.controller.LoginController.loadAdminLoginPage()
2022-04-02 01:27:23,625 - Mapped "{[/login]}" onto public java.lang.String com.ljy.oneclub.controller.LoginController.loginPage()
2022-04-02 01:27:23,627 - Mapped "{[/login/getVerify]}" onto public void com.ljy.oneclub.controller.LoginController.getVerify(javax.servlet.http.HttpServletResponse,javax.servlet.http.HttpSession)
2022-04-02 01:27:23,628 - Mapped "{[/login/checkemail],produces=[application/json]}" onto public com.ljy.oneclub.msg.BootStrapValidator com.ljy.oneclub.controller.LoginController.checkEmailIsValid(java.lang.String)
2022-04-02 01:27:23,629 - Mapped "{[/register/insert],methods=[POST]}" onto public com.ljy.oneclub.msg.Msg com.ljy.oneclub.controller.LoginController.verifyMailCode(java.lang.String,java.lang.String,java.lang.String,java.lang.String)
2022-04-02 01:27:23,629 - Mapped "{[/login/checkname],produces=[application/json]}" onto public com.ljy.oneclub.msg.BootStrapValidator com.ljy.oneclub.controller.LoginController.checkUserName(java.lang.String)
2022-04-02 01:27:23,629 - Mapped "{[/register/sendmail],methods=[POST]}" onto public com.ljy.oneclub.msg.Msg com.ljy.oneclub.controller.LoginController.getHtml(java.lang.String,java.lang.String,javax.servlet.http.HttpServletRequest) throws javax.mail.MessagingException
2022-04-02 01:27:23,639 - Mapped "{[/{url}],methods=[GET]}" onto public java.lang.String com.ljy.oneclub.controller.RedirectHandler.redirect(java.lang.String,javax.servlet.http.HttpSession)
2022-04-02 01:27:23,639 - Mapped "{[/user/updatePassword],methods=[POST]}" onto public com.ljy.oneclub.msg.Msg com.ljy.oneclub.controller.UserController.updatePasswordInEmail(java.lang.String,java.lang.String,java.lang.String)
2022-04-02 01:27:23,639 - Mapped "{[/searchResult]}" onto public org.springframework.web.servlet.ModelAndView com.ljy.oneclub.controller.UserController.searchResult(java.lang.String,javax.servlet.http.HttpSession)
2022-04-02 01:27:23,657 - Mapped "{[/u/{userId}]}" onto public org.springframework.web.servlet.ModelAndView com.ljy.oneclub.controller.UserController.userProfile(java.lang.String,javax.servlet.http.HttpSession)
2022-04-02 01:27:23,659 - Mapped "{[/updateInfo/intro],methods=[POST]}" onto public com.ljy.oneclub.msg.Msg com.ljy.oneclub.controller.UserController.updateIntro(javax.servlet.http.HttpSession,java.lang.String)
2022-04-02 01:27:23,659 - Mapped "{[/join/{clubId}]}" onto public org.springframework.web.servlet.ModelAndView com.ljy.oneclub.controller.UserController.joinClub(java.lang.String)
2022-04-02 01:27:24,429 - Looking for @ControllerAdvice: org.springframework.web.context.support.GenericWebApplicationContext@1ffe63b9: startup date [Sat Apr 02 01:27:18 CST 2022]; root of context hierarchy
2022-04-02 01:27:24,549 - Looking for @ControllerAdvice: org.springframework.web.context.support.GenericWebApplicationContext@1ffe63b9: startup date [Sat Apr 02 01:27:18 CST 2022]; root of context hierarchy
2022-04-02 01:27:24,922 - Loaded default TestExecutionListener class names from location [META-INF/spring.factories]: [org.springframework.test.context.web.ServletTestExecutionListener, org.springframework.test.context.support.DirtiesContextBeforeModesTestExecutionListener, org.springframework.test.context.support.DependencyInjectionTestExecutionListener, org.springframework.test.context.support.DirtiesContextTestExecutionListener, org.springframework.test.context.transaction.TransactionalTestExecutionListener, org.springframework.test.context.jdbc.SqlScriptsTestExecutionListener]
2022-04-02 01:27:24,922 - Using TestExecutionListeners: [org.springframework.test.context.web.ServletTestExecutionListener@2a4f5433, org.springframework.test.context.support.DirtiesContextBeforeModesTestExecutionListener@6812fa3a, org.springframework.test.context.support.DependencyInjectionTestExecutionListener@29149030, org.springframework.test.context.support.DirtiesContextTestExecutionListener@38b8b6c0, org.springframework.test.context.transaction.TransactionalTestExecutionListener@68868328, org.springframework.test.context.jdbc.SqlScriptsTestExecutionListener@173a6728]
2022-04-02 01:27:25,113 - Initializing c3p0 pool... com.mchange.v2.c3p0.ComboPooledDataSource [ acquireIncrement -> 3, acquireRetryAttempts -> 30, acquireRetryDelay -> 1000, autoCommitOnClose -> false, automaticTestTable -> null, breakAfterAcquireFailure -> false, checkoutTimeout -> 0, connectionCustomizerClassName -> null, connectionTesterClassName -> com.mchange.v2.c3p0.impl.DefaultConnectionTester, dataSourceName -> 1hge8sian1rv2qyf1rvjszl|649725e3, debugUnreturnedConnectionStackTraces -> false, description -> null, driverClass -> com.mysql.cj.jdbc.Driver, factoryClassLocation -> null, forceIgnoreUnresolvedTransactions -> false, identityToken -> 1hge8sian1rv2qyf1rvjszl|649725e3, idleConnectionTestPeriod -> 0, initialPoolSize -> 3, jdbcUrl -> jdbc:mysql://120.78.196.234:3306/oneclub?characterEncoding=utf8&serverTimezone=Asia/Shanghai, maxAdministrativeTaskTime -> 0, maxConnectionAge -> 0, maxIdleTime -> 0, maxIdleTimeExcessConnections -> 0, maxPoolSize -> 15, maxStatements -> 0, maxStatementsPerConnection -> 0, minPoolSize -> 3, numHelperThreads -> 3, numThreadsAwaitingCheckoutDefaultUser -> 0, preferredTestQuery -> null, properties -> {password=******, user=******}, propertyCycle -> 0, testConnectionOnCheckin -> false, testConnectionOnCheckout -> false, unreturnedConnectionTimeout -> 0, usesTraditionalReflectiveProxies -> false ]
2022-04-02 01:27:27,116 - Loaded default TestExecutionListener class names from location [META-INF/spring.factories]: [org.springframework.test.context.web.ServletTestExecutionListener, org.springframework.test.context.support.DirtiesContextBeforeModesTestExecutionListener, org.springframework.test.context.support.DependencyInjectionTestExecutionListener, org.springframework.test.context.support.DirtiesContextTestExecutionListener, org.springframework.test.context.transaction.TransactionalTestExecutionListener, org.springframework.test.context.jdbc.SqlScriptsTestExecutionListener]
2022-04-02 01:27:27,118 - Using TestExecutionListeners: [org.springframework.test.context.web.ServletTestExecutionListener@14998e21, org.springframework.test.context.support.DirtiesContextBeforeModesTestExecutionListener@1921994e, org.springframework.test.context.support.DependencyInjectionTestExecutionListener@43c87306, org.springframework.test.context.support.DirtiesContextTestExecutionListener@14f40030, org.springframework.test.context.transaction.TransactionalTestExecutionListener@4c447c09, org.springframework.test.context.jdbc.SqlScriptsTestExecutionListener@593a6726]
2022-04-02 01:27:27,126 - Refreshing org.springframework.context.support.GenericApplicationContext@596a7f44: startup date [Sat Apr 02 01:27:27 CST 2022]; root of context hierarchy
2022-04-02 01:27:27,561 - Closing org.springframework.web.context.support.GenericWebApplicationContext@1ffe63b9: startup date [Sat Apr 02 01:27:18 CST 2022]; root of context hierarchy
2022-04-02 01:27:27,571 - Closing org.springframework.context.support.GenericApplicationContext@596a7f44: startup date [Sat Apr 02 01:27:27 CST 2022]; root of context hierarchy
2022-04-02 16:42:38,110 - Loaded default TestExecutionListener class names from location [META-INF/spring.factories]: [org.springframework.test.context.web.ServletTestExecutionListener, org.springframework.test.context.support.DirtiesContextBeforeModesTestExecutionListener, org.springframework.test.context.support.DependencyInjectionTestExecutionListener, org.springframework.test.context.support.DirtiesContextTestExecutionListener, org.springframework.test.context.transaction.TransactionalTestExecutionListener, org.springframework.test.context.jdbc.SqlScriptsTestExecutionListener]
2022-04-02 16:42:38,226 - Using TestExecutionListeners: [org.springframework.test.context.web.ServletTestExecutionListener@145eaa29, org.springframework.test.context.support.DirtiesContextBeforeModesTestExecutionListener@15bb6bea, org.springframework.test.context.support.DependencyInjectionTestExecutionListener@8b96fde, org.springframework.test.context.support.DirtiesContextTestExecutionListener@2d2e5f00, org.springframework.test.context.transaction.TransactionalTestExecutionListener@4c40b76e, org.springframework.test.context.jdbc.SqlScriptsTestExecutionListener@2ea6137]
2022-04-02 16:42:38,407 - Loading XML bean definitions from class path resource [applicationContext.xml]
2022-04-02 16:42:40,605 - Loading XML bean definitions from class path resource [springmvc.xml]
2022-04-02 16:42:40,729 - Refreshing org.springframework.web.context.support.GenericWebApplicationContext@7f1302d6: startup date [Sat Apr 02 16:42:40 CST 2022]; root of context hierarchy
2022-04-02 16:42:41,265 - MLog clients using log4j logging.
2022-04-02 16:42:42,198 - Initializing c3p0-0.9.1.2 [built 21-May-2007 15:04:56; debug? true; trace: 10]
2022-04-02 16:42:43,294 - [THYMELEAF][main] Template Mode 'HTML5' is deprecated. Using Template Mode 'HTML' instead.
2022-04-02 16:42:43,406 - Mapped URL path [/**] onto handler 'org.springframework.web.servlet.resource.DefaultServletHttpRequestHandler#0'
2022-04-02 16:42:43,477 - Mapped "{[/active/short/insertOne],methods=[POST]}" onto public com.ljy.oneclub.msg.Msg com.ljy.oneclub.controller.ActiveController.insertActive(java.lang.String,javax.servlet.http.HttpSession,java.lang.String) throws java.text.ParseException
2022-04-02 16:42:43,479 - Mapped "{[/active/article/insertOne],methods=[POST]}" onto public com.ljy.oneclub.msg.Msg com.ljy.oneclub.controller.ActiveController.insertArticle(java.lang.String,java.lang.String,java.lang.String,javax.servlet.http.HttpSession) throws java.text.ParseException
2022-04-02 16:42:43,479 - Mapped "{[/active/like/{sourceId}],methods=[POST]}" onto public com.ljy.oneclub.msg.Msg com.ljy.oneclub.controller.ActiveController.collectActive(java.lang.Integer,javax.servlet.http.HttpSession) throws java.text.ParseException
2022-04-02 16:42:43,480 - Mapped "{[/active/getLikeNum/{sourceId}]}" onto public com.ljy.oneclub.msg.Msg com.ljy.oneclub.controller.ActiveController.getLikeNum(java.lang.String,javax.servlet.http.HttpSession)
2022-04-02 16:42:43,481 - Mapped "{[/active/getIndex]}" onto public com.ljy.oneclub.msg.Msg com.ljy.oneclub.controller.ActiveController.getAllActiveIndex(javax.servlet.http.HttpSession)
2022-04-02 16:42:43,481 - Mapped "{[/active/article/{articleId}]}" onto public org.springframework.web.servlet.ModelAndView com.ljy.oneclub.controller.ActiveController.getArticleInfo(java.lang.String)
2022-04-02 16:42:43,482 - Mapped "{[/active/unlike/{sourceId}],methods=[POST]}" onto public com.ljy.oneclub.msg.Msg com.ljy.oneclub.controller.ActiveController.uncollectActive(java.lang.Integer,javax.servlet.http.HttpSession)
2022-04-02 16:42:43,483 - Mapped "{[/apply/{appId}]}" onto public org.springframework.web.servlet.ModelAndView com.ljy.oneclub.controller.ApplicationController.appDetail(java.lang.String,javax.servlet.http.HttpSession)
2022-04-02 16:42:43,483 - Mapped "{[/commit/join]}" onto public com.ljy.oneclub.msg.Msg com.ljy.oneclub.controller.ApplicationController.commitJoin(org.springframework.web.multipart.MultipartHttpServletRequest,javax.servlet.http.HttpSession,java.lang.String,java.lang.String,java.lang.String,java.lang.String,java.lang.String,java.lang.Integer) throws java.io.IOException,java.text.ParseException
2022-04-02 16:42:43,484 - Mapped "{[/chat/{userId}/{toUserId}]}" onto public java.lang.String com.ljy.oneclub.controller.ChatController.getChat(javax.servlet.http.HttpSession,java.lang.String,java.lang.String)
2022-04-02 16:42:43,485 - Mapped "{[/get/comments]}" onto public com.ljy.oneclub.msg.Msg com.ljy.oneclub.controller.CommentController.getCommentsByActiveId(java.lang.String)
2022-04-02 16:42:43,486 - Mapped "{[/comment/commit],methods=[POST]}" onto public com.ljy.oneclub.msg.Msg com.ljy.oneclub.controller.CommentController.sendComment(javax.servlet.http.HttpSession,java.lang.String,java.lang.Integer,java.lang.Integer) throws java.text.ParseException
2022-04-02 16:42:43,488 - Mapped "{[/active/file/upload],methods=[POST]}" onto public com.ljy.oneclub.msg.Msg com.ljy.oneclub.controller.FileController.uploadImgInArticle(org.springframework.web.multipart.MultipartHttpServletRequest) throws java.io.IOException
2022-04-02 16:42:43,488 - Mapped "{[/upload/avatar],methods=[POST]}" onto public com.ljy.oneclub.msg.Msg com.ljy.oneclub.controller.FileController.uploadAvatar(javax.servlet.http.HttpSession,org.springframework.web.multipart.MultipartHttpServletRequest) throws java.io.IOException
2022-04-02 16:42:43,489 - Mapped "{[/upload/bkimg],methods=[POST]}" onto public com.ljy.oneclub.msg.Msg com.ljy.oneclub.controller.FileController.uploadBkImg(javax.servlet.http.HttpSession,org.springframework.web.multipart.MultipartHttpServletRequest) throws java.io.IOException
2022-04-02 16:42:43,495 - Mapped "{[/user/login]}" onto public com.ljy.oneclub.msg.Msg com.ljy.oneclub.controller.LoginController.login(java.lang.String,com.ljy.oneclub.entity.User,javax.servlet.http.HttpSession)
2022-04-02 16:42:43,495 - Mapped "{[/logout]}" onto public java.lang.String com.ljy.oneclub.controller.LoginController.logout(javax.servlet.http.HttpSession)
2022-04-02 16:42:43,496 - Mapped "{[/admin/login]}" onto public java.lang.String com.ljy.oneclub.controller.LoginController.loadAdminLoginPage()
2022-04-02 16:42:43,497 - Mapped "{[/login]}" onto public java.lang.String com.ljy.oneclub.controller.LoginController.loginPage()
2022-04-02 16:42:43,497 - Mapped "{[/register/sendmail],methods=[POST]}" onto public com.ljy.oneclub.msg.Msg com.ljy.oneclub.controller.LoginController.getHtml(java.lang.String,java.lang.String,javax.servlet.http.HttpServletRequest) throws javax.mail.MessagingException
2022-04-02 16:42:43,498 - Mapped "{[/login/checkemail],produces=[application/json]}" onto public com.ljy.oneclub.msg.BootStrapValidator com.ljy.oneclub.controller.LoginController.checkEmailIsValid(java.lang.String)
2022-04-02 16:42:43,499 - Mapped "{[/register/insert],methods=[POST]}" onto public com.ljy.oneclub.msg.Msg com.ljy.oneclub.controller.LoginController.verifyMailCode(java.lang.String,java.lang.String,java.lang.String,java.lang.String)
2022-04-02 16:42:43,499 - Mapped "{[/login/getVerify]}" onto public void com.ljy.oneclub.controller.LoginController.getVerify(javax.servlet.http.HttpServletResponse,javax.servlet.http.HttpSession)
2022-04-02 16:42:43,505 - Mapped "{[/admin]}" onto public java.lang.String com.ljy.oneclub.controller.LoginController.adminLogin(com.ljy.oneclub.entity.User,javax.servlet.http.HttpSession)
2022-04-02 16:42:43,506 - Mapped "{[/login/checkVerify],produces=[application/json]}" onto public com.ljy.oneclub.msg.BootStrapValidator com.ljy.oneclub.controller.LoginController.checkVerify(java.lang.String,javax.servlet.http.HttpSession)
2022-04-02 16:42:43,507 - Mapped "{[/login/checkname],produces=[application/json]}" onto public com.ljy.oneclub.msg.BootStrapValidator com.ljy.oneclub.controller.LoginController.checkUserName(java.lang.String)
2022-04-02 16:42:43,517 - Mapped "{[/{url}],methods=[GET]}" onto public java.lang.String com.ljy.oneclub.controller.RedirectHandler.redirect(java.lang.String,javax.servlet.http.HttpSession)
2022-04-02 16:42:43,518 - Mapped "{[/user/updatePassword],methods=[POST]}" onto public com.ljy.oneclub.msg.Msg com.ljy.oneclub.controller.UserController.updatePasswordInEmail(java.lang.String,java.lang.String,java.lang.String)
2022-04-02 16:42:43,519 - Mapped "{[/searchResult]}" onto public org.springframework.web.servlet.ModelAndView com.ljy.oneclub.controller.UserController.searchResult(java.lang.String,javax.servlet.http.HttpSession)
2022-04-02 16:42:43,525 - Mapped "{[/u/{userId}]}" onto public org.springframework.web.servlet.ModelAndView com.ljy.oneclub.controller.UserController.userProfile(java.lang.String,javax.servlet.http.HttpSession)
2022-04-02 16:42:43,526 - Mapped "{[/join/{clubId}]}" onto public org.springframework.web.servlet.ModelAndView com.ljy.oneclub.controller.UserController.joinClub(java.lang.String)
2022-04-02 16:42:43,526 - Mapped "{[/updateInfo/intro],methods=[POST]}" onto public com.ljy.oneclub.msg.Msg com.ljy.oneclub.controller.UserController.updateIntro(javax.servlet.http.HttpSession,java.lang.String)
2022-04-02 16:42:43,929 - Looking for @ControllerAdvice: org.springframework.web.context.support.GenericWebApplicationContext@7f1302d6: startup date [Sat Apr 02 16:42:40 CST 2022]; root of context hierarchy
2022-04-02 16:42:43,980 - Looking for @ControllerAdvice: org.springframework.web.context.support.GenericWebApplicationContext@7f1302d6: startup date [Sat Apr 02 16:42:40 CST 2022]; root of context hierarchy
2022-04-02 16:42:44,212 - Initializing c3p0 pool... com.mchange.v2.c3p0.ComboPooledDataSource [ acquireIncrement -> 3, acquireRetryAttempts -> 30, acquireRetryDelay -> 1000, autoCommitOnClose -> false, automaticTestTable -> null, breakAfterAcquireFailure -> false, checkoutTimeout -> 0, connectionCustomizerClassName -> null, connectionTesterClassName -> com.mchange.v2.c3p0.impl.DefaultConnectionTester, dataSourceName -> 1hge8sian1srrwol1sbeyai|1991f767, debugUnreturnedConnectionStackTraces -> false, description -> null, driverClass -> com.mysql.cj.jdbc.Driver, factoryClassLocation -> null, forceIgnoreUnresolvedTransactions -> false, identityToken -> 1hge8sian1srrwol1sbeyai|1991f767, idleConnectionTestPeriod -> 0, initialPoolSize -> 3, jdbcUrl -> jdbc:mysql://120.78.196.234:3306/oneclub?characterEncoding=utf8&serverTimezone=Asia/Shanghai, maxAdministrativeTaskTime -> 0, maxConnectionAge -> 0, maxIdleTime -> 0, maxIdleTimeExcessConnections -> 0, maxPoolSize -> 15, maxStatements -> 0, maxStatementsPerConnection -> 0, minPoolSize -> 3, numHelperThreads -> 3, numThreadsAwaitingCheckoutDefaultUser -> 0, preferredTestQuery -> null, properties -> {password=******, user=******}, propertyCycle -> 0, testConnectionOnCheckin -> false, testConnectionOnCheckout -> false, unreturnedConnectionTimeout -> 0, usesTraditionalReflectiveProxies -> false ]
2022-04-02 16:42:45,364 - Closing org.springframework.web.context.support.GenericWebApplicationContext@7f1302d6: startup date [Sat Apr 02 16:42:40 CST 2022]; root of context hierarchy
