4月 18, 2022 5:45:00 下午 io.github.yedaxia.apidocs.LogUtils info
信息: info: find java src paths:  [F:\A毕业设计\基于SSM的学生社团系统的设计与实现\Code\online-club\src\main\java\]
4月 18, 2022 5:45:00 下午 io.github.yedaxia.apidocs.LogUtils info
信息: info: project type not set, try to figure out...
4月 18, 2022 5:45:01 下午 io.github.yedaxia.apidocs.LogUtils info
信息: info: start find controllers in path : F:\A毕业设计\基于SSM的学生社团系统的设计与实现\Code\online-club\src\main\java\
4月 18, 2022 5:45:02 下午 io.github.yedaxia.apidocs.LogUtils info
信息: info: find controller file : ActiveController.java
4月 18, 2022 5:45:02 下午 io.github.yedaxia.apidocs.LogUtils info
信息: info: find controller file : ApplicationController.java
4月 18, 2022 5:45:02 下午 io.github.yedaxia.apidocs.LogUtils info
信息: info: find controller file : ChatController.java
4月 18, 2022 5:45:02 下午 io.github.yedaxia.apidocs.LogUtils info
信息: info: find controller file : ClubContactController.java
4月 18, 2022 5:45:02 下午 io.github.yedaxia.apidocs.LogUtils info
信息: info: find controller file : ClubController.java
4月 18, 2022 5:45:02 下午 io.github.yedaxia.apidocs.LogUtils info
信息: info: find controller file : CommentController.java
4月 18, 2022 5:45:02 下午 io.github.yedaxia.apidocs.LogUtils info
信息: info: find controller file : FileController.java
4月 18, 2022 5:45:02 下午 io.github.yedaxia.apidocs.LogUtils info
信息: info: find controller file : LoginController.java
4月 18, 2022 5:45:02 下午 io.github.yedaxia.apidocs.LogUtils info
信息: info: find controller file : NoticeController.java
4月 18, 2022 5:45:02 下午 io.github.yedaxia.apidocs.LogUtils info
信息: info: find controller file : RedirectHandler.java
4月 18, 2022 5:45:02 下午 io.github.yedaxia.apidocs.LogUtils info
信息: info: find controller file : UserController.java
4月 18, 2022 5:45:02 下午 io.github.yedaxia.apidocs.LogUtils info
信息: info: start to parse controller file : ActiveController.java
4月 18, 2022 5:45:02 下午 io.github.yedaxia.apidocs.LogUtils warn
警告: warning!! Cannot find java file , in java file : F:\A毕业设计\基于SSM的学生社团系统的设计与实现\Code\online-club\src\main\java\com\ljy\oneclub\msg\Msg.java, className : HashMap, we cannot found more information of it, you've better to make it a JavaBean
4月 18, 2022 5:45:03 下午 io.github.yedaxia.apidocs.LogUtils warn
警告: warning!! Cannot find java file , in java file : F:\A毕业设计\基于SSM的学生社团系统的设计与实现\Code\online-club\src\main\java\com\ljy\oneclub\msg\Msg.java, className : HashMap, we cannot found more information of it, you've better to make it a JavaBean
4月 18, 2022 5:45:04 下午 io.github.yedaxia.apidocs.LogUtils warn
警告: warning!! Cannot find java file , in java file : F:\A毕业设计\基于SSM的学生社团系统的设计与实现\Code\online-club\src\main\java\com\ljy\oneclub\msg\Msg.java, className : HashMap, we cannot found more information of it, you've better to make it a JavaBean
4月 18, 2022 5:45:04 下午 io.github.yedaxia.apidocs.LogUtils warn
警告: warning!! Cannot find java file , in java file : F:\A毕业设计\基于SSM的学生社团系统的设计与实现\Code\online-club\src\main\java\com\ljy\oneclub\msg\Msg.java, className : HashMap, we cannot found more information of it, you've better to make it a JavaBean
4月 18, 2022 5:45:04 下午 io.github.yedaxia.apidocs.LogUtils warn
警告: warning!! Cannot find java file , in java file : F:\A毕业设计\基于SSM的学生社团系统的设计与实现\Code\online-club\src\main\java\com\ljy\oneclub\msg\Msg.java, className : HashMap, we cannot found more information of it, you've better to make it a JavaBean
4月 18, 2022 5:45:04 下午 io.github.yedaxia.apidocs.LogUtils warn
警告: warning!! Cannot find java file , in java file : F:\A毕业设计\基于SSM的学生社团系统的设计与实现\Code\online-club\src\main\java\com\ljy\oneclub\msg\Msg.java, className : HashMap, we cannot found more information of it, you've better to make it a JavaBean
4月 18, 2022 5:45:04 下午 io.github.yedaxia.apidocs.LogUtils warn
警告: warning!! Cannot find java file , in java file : F:\A毕业设计\基于SSM的学生社团系统的设计与实现\Code\online-club\src\main\java\com\ljy\oneclub\msg\Msg.java, className : HashMap, we cannot found more information of it, you've better to make it a JavaBean
4月 18, 2022 5:45:05 下午 io.github.yedaxia.apidocs.LogUtils info
信息: info: success to parse controller file : ActiveController.java
4月 18, 2022 5:45:05 下午 io.github.yedaxia.apidocs.LogUtils info
信息: info: start to parse controller file : ApplicationController.java
4月 18, 2022 5:45:05 下午 io.github.yedaxia.apidocs.LogUtils warn
警告: warning!! Cannot find java file , in java file : F:\A毕业设计\基于SSM的学生社团系统的设计与实现\Code\online-club\src\main\java\com\ljy\oneclub\msg\Msg.java, className : HashMap, we cannot found more information of it, you've better to make it a JavaBean
4月 18, 2022 5:45:05 下午 io.github.yedaxia.apidocs.LogUtils warn
警告: warning!! Cannot find java file , in java file : F:\A毕业设计\基于SSM的学生社团系统的设计与实现\Code\online-club\src\main\java\com\ljy\oneclub\msg\Msg.java, className : HashMap, we cannot found more information of it, you've better to make it a JavaBean
4月 18, 2022 5:45:05 下午 io.github.yedaxia.apidocs.LogUtils warn
警告: warning!! Cannot find java file , in java file : F:\A毕业设计\基于SSM的学生社团系统的设计与实现\Code\online-club\src\main\java\com\ljy\oneclub\msg\Msg.java, className : HashMap, we cannot found more information of it, you've better to make it a JavaBean
4月 18, 2022 5:45:05 下午 io.github.yedaxia.apidocs.LogUtils info
信息: info: success to parse controller file : ApplicationController.java
4月 18, 2022 5:45:05 下午 io.github.yedaxia.apidocs.LogUtils info
信息: info: start to parse controller file : ChatController.java
4月 18, 2022 5:45:05 下午 io.github.yedaxia.apidocs.LogUtils warn
警告: warning!! Cannot find java file , in java file : F:\A毕业设计\基于SSM的学生社团系统的设计与实现\Code\online-club\src\main\java\com\ljy\oneclub\msg\Msg.java, className : HashMap, we cannot found more information of it, you've better to make it a JavaBean
4月 18, 2022 5:45:05 下午 io.github.yedaxia.apidocs.LogUtils warn
警告: warning!! Cannot find java file , in java file : F:\A毕业设计\基于SSM的学生社团系统的设计与实现\Code\online-club\src\main\java\com\ljy\oneclub\msg\Msg.java, className : HashMap, we cannot found more information of it, you've better to make it a JavaBean
4月 18, 2022 5:45:05 下午 io.github.yedaxia.apidocs.LogUtils warn
警告: warning!! Cannot find java file , in java file : F:\A毕业设计\基于SSM的学生社团系统的设计与实现\Code\online-club\src\main\java\com\ljy\oneclub\msg\Msg.java, className : HashMap, we cannot found more information of it, you've better to make it a JavaBean
4月 18, 2022 5:45:05 下午 io.github.yedaxia.apidocs.LogUtils info
信息: info: success to parse controller file : ChatController.java
4月 18, 2022 5:45:05 下午 io.github.yedaxia.apidocs.LogUtils info
信息: info: start to parse controller file : ClubContactController.java
4月 18, 2022 5:45:05 下午 io.github.yedaxia.apidocs.LogUtils info
信息: info: success to parse controller file : ClubContactController.java
4月 18, 2022 5:45:05 下午 io.github.yedaxia.apidocs.LogUtils info
信息: info: start to parse controller file : ClubController.java
4月 18, 2022 5:45:05 下午 io.github.yedaxia.apidocs.LogUtils warn
警告: warning!! Cannot find java file , in java file : F:\A毕业设计\基于SSM的学生社团系统的设计与实现\Code\online-club\src\main\java\com\ljy\oneclub\msg\Msg.java, className : HashMap, we cannot found more information of it, you've better to make it a JavaBean
4月 18, 2022 5:45:05 下午 io.github.yedaxia.apidocs.LogUtils warn
警告: warning!! Cannot find java file , in java file : F:\A毕业设计\基于SSM的学生社团系统的设计与实现\Code\online-club\src\main\java\com\ljy\oneclub\msg\Msg.java, className : HashMap, we cannot found more information of it, you've better to make it a JavaBean
4月 18, 2022 5:45:05 下午 io.github.yedaxia.apidocs.LogUtils warn
警告: warning!! Cannot find java file , in java file : F:\A毕业设计\基于SSM的学生社团系统的设计与实现\Code\online-club\src\main\java\com\ljy\oneclub\msg\Msg.java, className : HashMap, we cannot found more information of it, you've better to make it a JavaBean
4月 18, 2022 5:45:06 下午 io.github.yedaxia.apidocs.LogUtils warn
警告: warning!! Cannot find java file , in java file : F:\A毕业设计\基于SSM的学生社团系统的设计与实现\Code\online-club\src\main\java\com\ljy\oneclub\msg\Msg.java, className : HashMap, we cannot found more information of it, you've better to make it a JavaBean
4月 18, 2022 5:45:06 下午 io.github.yedaxia.apidocs.LogUtils warn
警告: warning!! Cannot find java file , in java file : F:\A毕业设计\基于SSM的学生社团系统的设计与实现\Code\online-club\src\main\java\com\ljy\oneclub\msg\Msg.java, className : HashMap, we cannot found more information of it, you've better to make it a JavaBean
4月 18, 2022 5:45:06 下午 io.github.yedaxia.apidocs.LogUtils warn
警告: warning!! Cannot find java file , in java file : F:\A毕业设计\基于SSM的学生社团系统的设计与实现\Code\online-club\src\main\java\com\ljy\oneclub\msg\Msg.java, className : HashMap, we cannot found more information of it, you've better to make it a JavaBean
4月 18, 2022 5:45:06 下午 io.github.yedaxia.apidocs.LogUtils warn
警告: warning!! Cannot find java file , in java file : F:\A毕业设计\基于SSM的学生社团系统的设计与实现\Code\online-club\src\main\java\com\ljy\oneclub\msg\Msg.java, className : HashMap, we cannot found more information of it, you've better to make it a JavaBean
4月 18, 2022 5:45:06 下午 io.github.yedaxia.apidocs.LogUtils warn
警告: warning!! Cannot find java file , in java file : F:\A毕业设计\基于SSM的学生社团系统的设计与实现\Code\online-club\src\main\java\com\ljy\oneclub\msg\Msg.java, className : HashMap, we cannot found more information of it, you've better to make it a JavaBean
4月 18, 2022 5:45:06 下午 io.github.yedaxia.apidocs.LogUtils warn
警告: warning!! Cannot find java file , in java file : F:\A毕业设计\基于SSM的学生社团系统的设计与实现\Code\online-club\src\main\java\com\ljy\oneclub\msg\Msg.java, className : HashMap, we cannot found more information of it, you've better to make it a JavaBean
4月 18, 2022 5:45:06 下午 io.github.yedaxia.apidocs.LogUtils info
信息: info: success to parse controller file : ClubController.java
4月 18, 2022 5:45:06 下午 io.github.yedaxia.apidocs.LogUtils info
信息: info: start to parse controller file : CommentController.java
4月 18, 2022 5:45:06 下午 io.github.yedaxia.apidocs.LogUtils warn
警告: warning!! Cannot find java file , in java file : F:\A毕业设计\基于SSM的学生社团系统的设计与实现\Code\online-club\src\main\java\com\ljy\oneclub\msg\Msg.java, className : HashMap, we cannot found more information of it, you've better to make it a JavaBean
4月 18, 2022 5:45:06 下午 io.github.yedaxia.apidocs.LogUtils warn
警告: warning!! Cannot find java file , in java file : F:\A毕业设计\基于SSM的学生社团系统的设计与实现\Code\online-club\src\main\java\com\ljy\oneclub\msg\Msg.java, className : HashMap, we cannot found more information of it, you've better to make it a JavaBean
4月 18, 2022 5:45:06 下午 io.github.yedaxia.apidocs.LogUtils warn
警告: warning!! Cannot find java file , in java file : F:\A毕业设计\基于SSM的学生社团系统的设计与实现\Code\online-club\src\main\java\com\ljy\oneclub\msg\Msg.java, className : HashMap, we cannot found more information of it, you've better to make it a JavaBean
4月 18, 2022 5:45:06 下午 io.github.yedaxia.apidocs.LogUtils warn
警告: warning!! Cannot find java file , in java file : F:\A毕业设计\基于SSM的学生社团系统的设计与实现\Code\online-club\src\main\java\com\ljy\oneclub\msg\Msg.java, className : HashMap, we cannot found more information of it, you've better to make it a JavaBean
4月 18, 2022 5:45:06 下午 io.github.yedaxia.apidocs.LogUtils info
信息: info: success to parse controller file : CommentController.java
4月 18, 2022 5:45:06 下午 io.github.yedaxia.apidocs.LogUtils info
信息: info: start to parse controller file : FileController.java
4月 18, 2022 5:45:06 下午 io.github.yedaxia.apidocs.LogUtils info
信息: info: start to parse controller file : LoginController.java
4月 18, 2022 5:45:06 下午 io.github.yedaxia.apidocs.LogUtils warn
警告: warning!! Cannot find java file , in java file : F:\A毕业设计\基于SSM的学生社团系统的设计与实现\Code\online-club\src\main\java\com\ljy\oneclub\msg\Msg.java, className : HashMap, we cannot found more information of it, you've better to make it a JavaBean
4月 18, 2022 5:45:06 下午 io.github.yedaxia.apidocs.LogUtils warn
警告: warning!! Cannot find java file , in java file : F:\A毕业设计\基于SSM的学生社团系统的设计与实现\Code\online-club\src\main\java\com\ljy\oneclub\msg\Msg.java, className : HashMap, we cannot found more information of it, you've better to make it a JavaBean
4月 18, 2022 5:45:06 下午 io.github.yedaxia.apidocs.LogUtils warn
警告: warning!! Cannot find java file , in java file : F:\A毕业设计\基于SSM的学生社团系统的设计与实现\Code\online-club\src\main\java\com\ljy\oneclub\msg\Msg.java, className : HashMap, we cannot found more information of it, you've better to make it a JavaBean
4月 18, 2022 5:45:07 下午 io.github.yedaxia.apidocs.LogUtils warn
警告: warning!! Cannot find java file , in java file : F:\A毕业设计\基于SSM的学生社团系统的设计与实现\Code\online-club\src\main\java\com\ljy\oneclub\msg\Msg.java, className : HashMap, we cannot found more information of it, you've better to make it a JavaBean
4月 18, 2022 5:45:07 下午 io.github.yedaxia.apidocs.LogUtils info
信息: info: success to parse controller file : LoginController.java
4月 18, 2022 5:45:07 下午 io.github.yedaxia.apidocs.LogUtils info
信息: info: start to parse controller file : NoticeController.java
4月 18, 2022 5:45:07 下午 io.github.yedaxia.apidocs.LogUtils warn
警告: warning!! Cannot find java file , in java file : F:\A毕业设计\基于SSM的学生社团系统的设计与实现\Code\online-club\src\main\java\com\ljy\oneclub\msg\Msg.java, className : HashMap, we cannot found more information of it, you've better to make it a JavaBean
4月 18, 2022 5:45:07 下午 io.github.yedaxia.apidocs.LogUtils warn
警告: warning!! Cannot find java file , in java file : F:\A毕业设计\基于SSM的学生社团系统的设计与实现\Code\online-club\src\main\java\com\ljy\oneclub\msg\Msg.java, className : HashMap, we cannot found more information of it, you've better to make it a JavaBean
4月 18, 2022 5:45:07 下午 io.github.yedaxia.apidocs.LogUtils warn
警告: warning!! Cannot find java file , in java file : F:\A毕业设计\基于SSM的学生社团系统的设计与实现\Code\online-club\src\main\java\com\ljy\oneclub\msg\Msg.java, className : HashMap, we cannot found more information of it, you've better to make it a JavaBean
4月 18, 2022 5:45:07 下午 io.github.yedaxia.apidocs.LogUtils info
信息: info: success to parse controller file : NoticeController.java
4月 18, 2022 5:45:07 下午 io.github.yedaxia.apidocs.LogUtils info
信息: info: start to parse controller file : RedirectHandler.java
4月 18, 2022 5:45:07 下午 io.github.yedaxia.apidocs.LogUtils info
信息: info: start to parse controller file : UserController.java
4月 18, 2022 5:45:07 下午 io.github.yedaxia.apidocs.LogUtils warn
警告: warning!! Cannot find java file , in java file : F:\A毕业设计\基于SSM的学生社团系统的设计与实现\Code\online-club\src\main\java\com\ljy\oneclub\msg\Msg.java, className : HashMap, we cannot found more information of it, you've better to make it a JavaBean
4月 18, 2022 5:45:07 下午 io.github.yedaxia.apidocs.LogUtils warn
警告: warning!! Cannot find java file , in java file : F:\A毕业设计\基于SSM的学生社团系统的设计与实现\Code\online-club\src\main\java\com\ljy\oneclub\msg\Msg.java, className : HashMap, we cannot found more information of it, you've better to make it a JavaBean
4月 18, 2022 5:45:07 下午 io.github.yedaxia.apidocs.LogUtils warn
警告: warning!! Cannot find java file , in java file : F:\A毕业设计\基于SSM的学生社团系统的设计与实现\Code\online-club\src\main\java\com\ljy\oneclub\msg\Msg.java, className : HashMap, we cannot found more information of it, you've better to make it a JavaBean
4月 18, 2022 5:45:07 下午 io.github.yedaxia.apidocs.LogUtils warn
警告: warning!! Cannot find java file , in java file : F:\A毕业设计\基于SSM的学生社团系统的设计与实现\Code\online-club\src\main\java\com\ljy\oneclub\msg\Msg.java, className : HashMap, we cannot found more information of it, you've better to make it a JavaBean
4月 18, 2022 5:45:07 下午 io.github.yedaxia.apidocs.LogUtils warn
警告: warning!! Cannot find java file , in java file : F:\A毕业设计\基于SSM的学生社团系统的设计与实现\Code\online-club\src\main\java\com\ljy\oneclub\msg\Msg.java, className : HashMap, we cannot found more information of it, you've better to make it a JavaBean
4月 18, 2022 5:45:07 下午 io.github.yedaxia.apidocs.LogUtils warn
警告: warning!! Cannot find java file , in java file : F:\A毕业设计\基于SSM的学生社团系统的设计与实现\Code\online-club\src\main\java\com\ljy\oneclub\msg\Msg.java, className : HashMap, we cannot found more information of it, you've better to make it a JavaBean
4月 18, 2022 5:45:07 下午 io.github.yedaxia.apidocs.LogUtils warn
警告: warning!! Cannot find java file , in java file : F:\A毕业设计\基于SSM的学生社团系统的设计与实现\Code\online-club\src\main\java\com\ljy\oneclub\msg\Msg.java, className : HashMap, we cannot found more information of it, you've better to make it a JavaBean
4月 18, 2022 5:45:07 下午 io.github.yedaxia.apidocs.LogUtils warn
警告: warning!! Cannot find java file , in java file : F:\A毕业设计\基于SSM的学生社团系统的设计与实现\Code\online-club\src\main\java\com\ljy\oneclub\msg\Msg.java, className : HashMap, we cannot found more information of it, you've better to make it a JavaBean
4月 18, 2022 5:45:07 下午 io.github.yedaxia.apidocs.LogUtils info
信息: info: success to parse controller file : UserController.java
4月 18, 2022 5:45:07 下午 io.github.yedaxia.apidocs.LogUtils info
信息: info: generate api docs start...
4月 18, 2022 5:45:07 下午 io.github.yedaxia.apidocs.LogUtils info
信息: info: start to generate docs for controller file : F:\A毕业设计\基于SSM的学生社团系统的设计与实现\Code\online-club\src\main\java\com\ljy\oneclub\controller\ActiveController.java
4月 18, 2022 5:45:08 下午 io.github.yedaxia.apidocs.LogUtils info
信息: info: success to generate docs for controller file : F:\A毕业设计\基于SSM的学生社团系统的设计与实现\Code\online-club\src\main\java\com\ljy\oneclub\controller\ActiveController.java
4月 18, 2022 5:45:08 下午 io.github.yedaxia.apidocs.LogUtils info
信息: info: start to generate docs for controller file : F:\A毕业设计\基于SSM的学生社团系统的设计与实现\Code\online-club\src\main\java\com\ljy\oneclub\controller\ApplicationController.java
4月 18, 2022 5:45:08 下午 io.github.yedaxia.apidocs.LogUtils info
信息: info: success to generate docs for controller file : F:\A毕业设计\基于SSM的学生社团系统的设计与实现\Code\online-club\src\main\java\com\ljy\oneclub\controller\ApplicationController.java
4月 18, 2022 5:45:08 下午 io.github.yedaxia.apidocs.LogUtils info
信息: info: start to generate docs for controller file : F:\A毕业设计\基于SSM的学生社团系统的设计与实现\Code\online-club\src\main\java\com\ljy\oneclub\controller\ChatController.java
4月 18, 2022 5:45:08 下午 io.github.yedaxia.apidocs.LogUtils info
信息: info: success to generate docs for controller file : F:\A毕业设计\基于SSM的学生社团系统的设计与实现\Code\online-club\src\main\java\com\ljy\oneclub\controller\ChatController.java
4月 18, 2022 5:45:08 下午 io.github.yedaxia.apidocs.LogUtils info
信息: info: start to generate docs for controller file : F:\A毕业设计\基于SSM的学生社团系统的设计与实现\Code\online-club\src\main\java\com\ljy\oneclub\controller\ClubContactController.java
4月 18, 2022 5:45:08 下午 io.github.yedaxia.apidocs.LogUtils info
信息: info: success to generate docs for controller file : F:\A毕业设计\基于SSM的学生社团系统的设计与实现\Code\online-club\src\main\java\com\ljy\oneclub\controller\ClubContactController.java
4月 18, 2022 5:45:08 下午 io.github.yedaxia.apidocs.LogUtils info
信息: info: start to generate docs for controller file : F:\A毕业设计\基于SSM的学生社团系统的设计与实现\Code\online-club\src\main\java\com\ljy\oneclub\controller\ClubController.java
4月 18, 2022 5:45:08 下午 io.github.yedaxia.apidocs.LogUtils info
信息: info: success to generate docs for controller file : F:\A毕业设计\基于SSM的学生社团系统的设计与实现\Code\online-club\src\main\java\com\ljy\oneclub\controller\ClubController.java
4月 18, 2022 5:45:08 下午 io.github.yedaxia.apidocs.LogUtils info
信息: info: start to generate docs for controller file : F:\A毕业设计\基于SSM的学生社团系统的设计与实现\Code\online-club\src\main\java\com\ljy\oneclub\controller\CommentController.java
4月 18, 2022 5:45:08 下午 io.github.yedaxia.apidocs.LogUtils info
信息: info: success to generate docs for controller file : F:\A毕业设计\基于SSM的学生社团系统的设计与实现\Code\online-club\src\main\java\com\ljy\oneclub\controller\CommentController.java
4月 18, 2022 5:45:08 下午 io.github.yedaxia.apidocs.LogUtils info
信息: info: start to generate docs for controller file : F:\A毕业设计\基于SSM的学生社团系统的设计与实现\Code\online-club\src\main\java\com\ljy\oneclub\controller\LoginController.java
4月 18, 2022 5:45:08 下午 io.github.yedaxia.apidocs.LogUtils info
信息: info: success to generate docs for controller file : F:\A毕业设计\基于SSM的学生社团系统的设计与实现\Code\online-club\src\main\java\com\ljy\oneclub\controller\LoginController.java
4月 18, 2022 5:45:08 下午 io.github.yedaxia.apidocs.LogUtils info
信息: info: start to generate docs for controller file : F:\A毕业设计\基于SSM的学生社团系统的设计与实现\Code\online-club\src\main\java\com\ljy\oneclub\controller\NoticeController.java
4月 18, 2022 5:45:08 下午 io.github.yedaxia.apidocs.LogUtils info
信息: info: success to generate docs for controller file : F:\A毕业设计\基于SSM的学生社团系统的设计与实现\Code\online-club\src\main\java\com\ljy\oneclub\controller\NoticeController.java
4月 18, 2022 5:45:08 下午 io.github.yedaxia.apidocs.LogUtils info
信息: info: start to generate docs for controller file : F:\A毕业设计\基于SSM的学生社团系统的设计与实现\Code\online-club\src\main\java\com\ljy\oneclub\controller\UserController.java
4月 18, 2022 5:45:08 下午 io.github.yedaxia.apidocs.LogUtils info
信息: info: success to generate docs for controller file : F:\A毕业设计\基于SSM的学生社团系统的设计与实现\Code\online-club\src\main\java\com\ljy\oneclub\controller\UserController.java
4月 18, 2022 5:45:08 下午 io.github.yedaxia.apidocs.LogUtils info
信息: info: generate index start !!!
4月 18, 2022 5:45:08 下午 io.github.yedaxia.apidocs.LogUtils info
信息: info: generate index done !!!
4月 18, 2022 5:45:08 下午 io.github.yedaxia.apidocs.LogUtils info
信息: info: generate api docs done !!!
